eeschema (2011-05-25)-stable  >> Creation date: Fri 22 Feb 2013 12:53:18 PM CET

#Cmp ( order = Reference )
| C1         1u          
| C2         1u          
| C3         1u          
| C4         1u          
| C5         68u         
| C6         10u         
| C7         22p         
| C8         22p         
| C9         150p,NP0    
| C10        10p         
| C11        10p         
| C12        2.2u        
| C13        100n        
| C14        100n        
| C15        100n        
| C16        100n        
| D1         MBRA140     
| D2         MBRA140     
| K1         CONN_3      
| K2         CONN_3      
| K3         CONN_3      
| L1         47u         
| L2         10u         
| P1         CONN_5      
| P2         CONN_2      
| P3         CONN_USB_MINI
| P4         CONN_2      
| P5         CONN_2      
| P10        ANT         
| R1         150k        
| R2         150k        
| R3         10k         
| R4         10k         
| R5         10k         
| R6         100k        
| R7         100k        
| R8         22          
| R9         22          
| R10        R           
| R11        R           
| R12        R           
| RV1        POT         
| SW1        SWITCH_INV  
| SW2        SPST        
| U1         TPA2005D1   
| U2         NCP1402     
| U3         SN74HC00    
| U4         MIC5        
| U5         AT90USB     
| U6         CLVBA-FKA   
| U7         PCA9632DP1  
| X1         8 MHz       
#End Cmp

#Cmp ( order = Value )
| 100k         R6        
| 100k         R7        
| 100n         C13       
| 100n         C14       
| 100n         C15       
| 100n         C16       
| 10k          R3        
| 10k          R4        
| 10k          R5        
| 10p          C10       
| 10p          C11       
| 10u          C6        
| 10u          L2        
| 150k         R1        
| 150k         R2        
| 150p,NP0     C9        
| 1u           C1        
| 1u           C2        
| 1u           C3        
| 1u           C4        
| 2.2u         C12       
| 22           R8        
| 22           R9        
| 22p          C7        
| 22p          C8        
| 47u          L1        
| 68u          C5        
| 8 MHz        X1        
| ANT          P10       
| AT90USB      U5        
| CLVBA-FKA    U6        
| CONN_2       P2        
| CONN_2       P4        
| CONN_2       P5        
| CONN_3       K1        
| CONN_3       K2        
| CONN_3       K3        
| CONN_5       P1        
| CONN_USB_MINI P3        
| MBRA140      D1        
| MBRA140      D2        
| MIC5         U4        
| NCP1402      U2        
| PCA9632DP1   U7        
| POT          RV1       
| R            R10       
| R            R11       
| R            R12       
| SN74HC00     U3        
| SPST         SW2       
| SWITCH_INV   SW1       
| TPA2005D1    U1        
#End Cmp

#End List
